0 info it worked if it ends with ok
1 verbose cli [ '/usr/bin/node6',
1 verbose cli   '/usr/bin/npm-default',
1 verbose cli   'install',
1 verbose cli   '-g',
1 verbose cli   'rtl.css' ]
2 info using npm@3.10.10
3 info using node@v6.11.1
4 silly loadCurrentTree Starting
5 silly install loadCurrentTree
6 silly install readGlobalPackageData
7 silly fetchPackageMetaData rtl.css
8 silly fetchNamedPackageData rtl.css
9 silly mapToRegistry name rtl.css
10 silly mapToRegistry using default registry
11 silly mapToRegistry registry https://registry.npmjs.org/
12 silly mapToRegistry data Result {
12 silly mapToRegistry   raw: 'rtl.css',
12 silly mapToRegistry   scope: null,
12 silly mapToRegistry   escapedName: 'rtl.css',
12 silly mapToRegistry   name: 'rtl.css',
12 silly mapToRegistry   rawSpec: '',
12 silly mapToRegistry   spec: 'latest',
12 silly mapToRegistry   type: 'tag' }
13 silly mapToRegistry uri https://registry.npmjs.org/rtl.css
14 verbose request uri https://registry.npmjs.org/rtl.css
15 verbose request no auth needed
16 info attempt registry request try #1 at 10:55:09 AM
17 verbose request id 7b3a7e54788bf2c9
18 verbose etag "593f9069-508"
19 verbose lastModified Tue, 13 Jun 2017 7:12:41 GMT
20 http request GET https://registry.npmjs.org/rtl.css
21 http 304 https://registry.npmjs.org/rtl.css
22 verbose headers { date: 'Tue, 09 Jan 2018 07:25:06 GMT',
22 verbose headers   via: '1.1 varnish',
22 verbose headers   'cache-control': 'max-age=300',
22 verbose headers   etag: '"593f9069-508"',
22 verbose headers   age: '2172',
22 verbose headers   connection: 'keep-alive',
22 verbose headers   'x-served-by': 'cache-fra19132-FRA',
22 verbose headers   'x-cache': 'HIT',
22 verbose headers   'x-cache-hits': '1',
22 verbose headers   'x-timer': 'S1515482706.288029,VS0,VE1',
22 verbose headers   vary: 'Accept-Encoding, Accept' }
23 silly get cb [ 304,
23 silly get   { date: 'Tue, 09 Jan 2018 07:25:06 GMT',
23 silly get     via: '1.1 varnish',
23 silly get     'cache-control': 'max-age=300',
23 silly get     etag: '"593f9069-508"',
23 silly get     age: '2172',
23 silly get     connection: 'keep-alive',
23 silly get     'x-served-by': 'cache-fra19132-FRA',
23 silly get     'x-cache': 'HIT',
23 silly get     'x-cache-hits': '1',
23 silly get     'x-timer': 'S1515482706.288029,VS0,VE1',
23 silly get     vary: 'Accept-Encoding, Accept' } ]
24 verbose etag https://registry.npmjs.org/rtl.css from cache
25 verbose get saving rtl.css to /home/amin/.npm/registry.npmjs.org/rtl.css/.cache.json
26 verbose correctMkdir /home/amin/.npm correctMkdir not in flight; initializing
27 silly install normalizeTree
28 silly loadCurrentTree Finishing
29 silly loadIdealTree Starting
30 silly install loadIdealTree
31 silly cloneCurrentTree Starting
32 silly install cloneCurrentTreeToIdealTree
33 silly cloneCurrentTree Finishing
34 silly loadShrinkwrap Starting
35 silly install loadShrinkwrap
36 silly loadShrinkwrap Finishing
37 silly loadAllDepsIntoIdealTree Starting
38 silly install loadAllDepsIntoIdealTree
39 silly resolveWithNewModule rtl.css@1.0.0 checking installable status
40 silly cache add args [ 'rtl.css', null ]
41 verbose cache add spec rtl.css
42 silly cache add parsed spec Result {
42 silly cache add   raw: 'rtl.css',
42 silly cache add   scope: null,
42 silly cache add   escapedName: 'rtl.css',
42 silly cache add   name: 'rtl.css',
42 silly cache add   rawSpec: '',
42 silly cache add   spec: 'latest',
42 silly cache add   type: 'tag' }
43 silly addNamed rtl.css@latest
44 verbose addNamed "latest" is being treated as a dist-tag for rtl.css
45 info addNameTag [ 'rtl.css', 'latest' ]
46 silly mapToRegistry name rtl.css
47 silly mapToRegistry using default registry
48 silly mapToRegistry registry https://registry.npmjs.org/
49 silly mapToRegistry data Result {
49 silly mapToRegistry   raw: 'rtl.css',
49 silly mapToRegistry   scope: null,
49 silly mapToRegistry   escapedName: 'rtl.css',
49 silly mapToRegistry   name: 'rtl.css',
49 silly mapToRegistry   rawSpec: '',
49 silly mapToRegistry   spec: 'latest',
49 silly mapToRegistry   type: 'tag' }
50 silly mapToRegistry uri https://registry.npmjs.org/rtl.css
51 verbose addNameTag registry:https://registry.npmjs.org/rtl.css not in flight; fetching
52 verbose get https://registry.npmjs.org/rtl.css not expired, no request
53 silly addNameTag next cb for rtl.css with tag latest
54 silly addNamed rtl.css@1.0.0
55 verbose addNamed "1.0.0" is a plain semver version for rtl.css
56 silly cache afterAdd rtl.css@1.0.0
57 verbose afterAdd /home/amin/.npm/rtl.css/1.0.0/package/package.json not in flight; writing
58 verbose correctMkdir /home/amin/.npm correctMkdir not in flight; initializing
59 verbose afterAdd /home/amin/.npm/rtl.css/1.0.0/package/package.json written
60 silly fetchNamedPackageData fs
61 silly mapToRegistry name fs
62 silly mapToRegistry using default registry
63 silly mapToRegistry registry https://registry.npmjs.org/
64 silly mapToRegistry data Result {
64 silly mapToRegistry   raw: 'fs',
64 silly mapToRegistry   scope: null,
64 silly mapToRegistry   escapedName: 'fs',
64 silly mapToRegistry   name: 'fs',
64 silly mapToRegistry   rawSpec: '',
64 silly mapToRegistry   spec: 'latest',
64 silly mapToRegistry   type: 'tag' }
65 silly mapToRegistry uri https://registry.npmjs.org/fs
66 silly fetchNamedPackageData node-watch
67 silly mapToRegistry name node-watch
68 silly mapToRegistry using default registry
69 silly mapToRegistry registry https://registry.npmjs.org/
70 silly mapToRegistry data Result {
70 silly mapToRegistry   raw: 'node-watch',
70 silly mapToRegistry   scope: null,
70 silly mapToRegistry   escapedName: 'node-watch',
70 silly mapToRegistry   name: 'node-watch',
70 silly mapToRegistry   rawSpec: '',
70 silly mapToRegistry   spec: 'latest',
70 silly mapToRegistry   type: 'tag' }
71 silly mapToRegistry uri https://registry.npmjs.org/node-watch
72 verbose request uri https://registry.npmjs.org/fs
73 verbose request no auth needed
74 info attempt registry request try #1 at 10:55:09 AM
75 verbose etag "5a2f8cb5-de2"
76 verbose lastModified Tue, 12 Dec 2017 8:00:53 GMT
77 http request GET https://registry.npmjs.org/fs
78 verbose request uri https://registry.npmjs.org/node-watch
79 verbose request no auth needed
80 info attempt registry request try #1 at 10:55:09 AM
81 verbose etag "59de36a3-734c"
82 verbose lastModified Wed, 11 Oct 2017 15:20:03 GMT
83 http request GET https://registry.npmjs.org/node-watch
84 http 304 https://registry.npmjs.org/fs
85 verbose headers { date: 'Tue, 09 Jan 2018 07:25:06 GMT',
85 verbose headers   via: '1.1 varnish',
85 verbose headers   'cache-control': 'max-age=300',
85 verbose headers   etag: '"5a2f8cb5-de2"',
85 verbose headers   age: '1515',
85 verbose headers   connection: 'keep-alive',
85 verbose headers   'x-served-by': 'cache-fra19132-FRA',
85 verbose headers   'x-cache': 'HIT',
85 verbose headers   'x-cache-hits': '1',
85 verbose headers   'x-timer': 'S1515482707.571157,VS0,VE0',
85 verbose headers   vary: 'Accept-Encoding, Accept' }
86 silly get cb [ 304,
86 silly get   { date: 'Tue, 09 Jan 2018 07:25:06 GMT',
86 silly get     via: '1.1 varnish',
86 silly get     'cache-control': 'max-age=300',
86 silly get     etag: '"5a2f8cb5-de2"',
86 silly get     age: '1515',
86 silly get     connection: 'keep-alive',
86 silly get     'x-served-by': 'cache-fra19132-FRA',
86 silly get     'x-cache': 'HIT',
86 silly get     'x-cache-hits': '1',
86 silly get     'x-timer': 'S1515482707.571157,VS0,VE0',
86 silly get     vary: 'Accept-Encoding, Accept' } ]
87 verbose etag https://registry.npmjs.org/fs from cache
88 verbose get saving fs to /home/amin/.npm/registry.npmjs.org/fs/.cache.json
89 verbose correctMkdir /home/amin/.npm correctMkdir not in flight; initializing
90 silly resolveWithNewModule fs@0.0.1-security checking installable status
91 silly cache add args [ 'fs@^0.0.1-security', null ]
92 verbose cache add spec fs@^0.0.1-security
93 silly cache add parsed spec Result {
93 silly cache add   raw: 'fs@^0.0.1-security',
93 silly cache add   scope: null,
93 silly cache add   escapedName: 'fs',
93 silly cache add   name: 'fs',
93 silly cache add   rawSpec: '^0.0.1-security',
93 silly cache add   spec: '>=0.0.1-security <0.0.2',
93 silly cache add   type: 'range' }
94 silly addNamed fs@>=0.0.1-security <0.0.2
95 verbose addNamed ">=0.0.1-security <0.0.2" is a valid semver range for fs
96 silly addNameRange { name: 'fs', range: '>=0.0.1-security <0.0.2', hasData: false }
97 silly mapToRegistry name fs
98 silly mapToRegistry using default registry
99 silly mapToRegistry registry https://registry.npmjs.org/
100 silly mapToRegistry data Result {
100 silly mapToRegistry   raw: 'fs',
100 silly mapToRegistry   scope: null,
100 silly mapToRegistry   escapedName: 'fs',
100 silly mapToRegistry   name: 'fs',
100 silly mapToRegistry   rawSpec: '',
100 silly mapToRegistry   spec: 'latest',
100 silly mapToRegistry   type: 'tag' }
101 silly mapToRegistry uri https://registry.npmjs.org/fs
102 verbose addNameRange registry:https://registry.npmjs.org/fs not in flight; fetching
103 verbose get https://registry.npmjs.org/fs not expired, no request
104 silly addNameRange number 2 { name: 'fs', range: '>=0.0.1-security <0.0.2', hasData: true }
105 silly addNameRange versions [ 'fs', [ '0.0.1-security', '0.0.0', '0.0.2' ] ]
106 silly addNamed fs@0.0.1-security
107 verbose addNamed "0.0.1-security" is a plain semver version for fs
108 silly cache afterAdd fs@0.0.1-security
109 verbose afterAdd /home/amin/.npm/fs/0.0.1-security/package/package.json not in flight; writing
110 verbose correctMkdir /home/amin/.npm correctMkdir not in flight; initializing
111 verbose afterAdd /home/amin/.npm/fs/0.0.1-security/package/package.json written
112 http 304 https://registry.npmjs.org/node-watch
113 verbose headers { date: 'Tue, 09 Jan 2018 07:25:06 GMT',
113 verbose headers   via: '1.1 varnish',
113 verbose headers   'cache-control': 'max-age=300',
113 verbose headers   etag: '"59de36a3-734c"',
113 verbose headers   age: '4210',
113 verbose headers   connection: 'keep-alive',
113 verbose headers   'x-served-by': 'cache-fra19144-FRA',
113 verbose headers   'x-cache': 'HIT',
113 verbose headers   'x-cache-hits': '1',
113 verbose headers   'x-timer': 'S1515482707.837115,VS0,VE0',
113 verbose headers   vary: 'Accept-Encoding, Accept' }
114 silly get cb [ 304,
114 silly get   { date: 'Tue, 09 Jan 2018 07:25:06 GMT',
114 silly get     via: '1.1 varnish',
114 silly get     'cache-control': 'max-age=300',
114 silly get     etag: '"59de36a3-734c"',
114 silly get     age: '4210',
114 silly get     connection: 'keep-alive',
114 silly get     'x-served-by': 'cache-fra19144-FRA',
114 silly get     'x-cache': 'HIT',
114 silly get     'x-cache-hits': '1',
114 silly get     'x-timer': 'S1515482707.837115,VS0,VE0',
114 silly get     vary: 'Accept-Encoding, Accept' } ]
115 verbose etag https://registry.npmjs.org/node-watch from cache
116 verbose get saving node-watch to /home/amin/.npm/registry.npmjs.org/node-watch/.cache.json
117 verbose correctMkdir /home/amin/.npm correctMkdir not in flight; initializing
118 silly resolveWithNewModule node-watch@0.5.5 checking installable status
119 silly cache add args [ 'node-watch@^0.5.4', null ]
120 verbose cache add spec node-watch@^0.5.4
121 silly cache add parsed spec Result {
121 silly cache add   raw: 'node-watch@^0.5.4',
121 silly cache add   scope: null,
121 silly cache add   escapedName: 'node-watch',
121 silly cache add   name: 'node-watch',
121 silly cache add   rawSpec: '^0.5.4',
121 silly cache add   spec: '>=0.5.4 <0.6.0',
121 silly cache add   type: 'range' }
122 silly addNamed node-watch@>=0.5.4 <0.6.0
123 verbose addNamed ">=0.5.4 <0.6.0" is a valid semver range for node-watch
124 silly addNameRange { name: 'node-watch', range: '>=0.5.4 <0.6.0', hasData: false }
125 silly mapToRegistry name node-watch
126 silly mapToRegistry using default registry
127 silly mapToRegistry registry https://registry.npmjs.org/
128 silly mapToRegistry data Result {
128 silly mapToRegistry   raw: 'node-watch',
128 silly mapToRegistry   scope: null,
128 silly mapToRegistry   escapedName: 'node-watch',
128 silly mapToRegistry   name: 'node-watch',
128 silly mapToRegistry   rawSpec: '',
128 silly mapToRegistry   spec: 'latest',
128 silly mapToRegistry   type: 'tag' }
129 silly mapToRegistry uri https://registry.npmjs.org/node-watch
130 verbose addNameRange registry:https://registry.npmjs.org/node-watch not in flight; fetching
131 verbose get https://registry.npmjs.org/node-watch not expired, no request
132 silly addNameRange number 2 { name: 'node-watch', range: '>=0.5.4 <0.6.0', hasData: true }
133 silly addNameRange versions [ 'node-watch',
133 silly addNameRange   [ '0.1.0',
133 silly addNameRange     '0.1.1',
133 silly addNameRange     '0.2.0',
133 silly addNameRange     '0.2.1',
133 silly addNameRange     '0.2.2',
133 silly addNameRange     '0.2.3',
133 silly addNameRange     '0.2.4',
133 silly addNameRange     '0.2.5',
133 silly addNameRange     '0.2.6',
133 silly addNameRange     '0.2.7',
133 silly addNameRange     '0.2.8',
133 silly addNameRange     '0.2.9',
133 silly addNameRange     '0.3.0',
133 silly addNameRange     '0.3.1',
133 silly addNameRange     '0.3.2',
133 silly addNameRange     '0.3.3',
133 silly addNameRange     '0.3.4',
133 silly addNameRange     '0.3.5',
133 silly addNameRange     '0.4.0',
133 silly addNameRange     '0.4.1',
133 silly addNameRange     '0.5.0',
133 silly addNameRange     '0.5.1',
133 silly addNameRange     '0.5.2',
133 silly addNameRange     '0.5.3',
133 silly addNameRange     '0.5.4',
133 silly addNameRange     '0.5.5' ] ]
134 silly addNamed node-watch@0.5.5
135 verbose addNamed "0.5.5" is a plain semver version for node-watch
136 silly cache afterAdd node-watch@0.5.5
137 verbose afterAdd /home/amin/.npm/node-watch/0.5.5/package/package.json not in flight; writing
138 verbose correctMkdir /home/amin/.npm correctMkdir not in flight; initializing
139 verbose afterAdd /home/amin/.npm/node-watch/0.5.5/package/package.json written
140 silly loadAllDepsIntoIdealTree Finishing
141 silly loadIdealTree Finishing
142 silly currentTree lib
142 silly currentTree └─┬ rtl.css@1.0.0
142 silly currentTree   ├── fs@0.0.1-security
142 silly currentTree   └── node-watch@0.5.5
143 silly idealTree lib
143 silly idealTree └─┬ rtl.css@1.0.0
143 silly idealTree   ├── fs@0.0.1-security
143 silly idealTree   └── node-watch@0.5.5
144 silly generateActionsToTake Starting
145 silly install generateActionsToTake
146 warn checkPermissions Missing write access to /usr/local/lib/node_modules/rtl.css
147 warn checkPermissions Missing write access to /usr/local/lib/node_modules
148 silly rollbackFailedOptional Starting
149 silly rollbackFailedOptional Finishing
150 silly runTopLevelLifecycles Finishing
151 silly install printInstalled
152 verbose stack Error: EACCES: permission denied, access '/usr/local/lib/node_modules/rtl.css'
152 verbose stack     at Error (native)
153 verbose cwd /home/amin/projects/web/rtl-loader
154 error Linux 4.4.104-39-default
155 error argv "/usr/bin/node6" "/usr/bin/npm-default" "install" "-g" "rtl.css"
156 error node v6.11.1
157 error npm  v3.10.10
158 error path /usr/local/lib/node_modules/rtl.css
159 error code EACCES
160 error errno -13
161 error syscall access
162 error Error: EACCES: permission denied, access '/usr/local/lib/node_modules/rtl.css'
162 error     at Error (native)
162 error  { Error: EACCES: permission denied, access '/usr/local/lib/node_modules/rtl.css'
162 error     at Error (native)
162 error   errno: -13,
162 error   code: 'EACCES',
162 error   syscall: 'access',
162 error   path: '/usr/local/lib/node_modules/rtl.css' }
163 error Please try running this command again as root/Administrator.
164 verbose exit [ -13, true ]
